This is pdfTeX, Version 3.14159265-2.6-1.40.18 (TeX Live 2017/Debian) (preloaded format=latex 2020.2.18)  2 MAR 2020 21:07
entering extended mode
 restricted \write18 enabled.
 file:line:error style messages enabled.
 %&-line parsing enabled.
**EE18BTECH11050.tex
(./EE18BTECH11050.tex
LaTeX2e <2017-04-15>
Babel <3.18> and hyphenation patterns for 3 language(s) loaded.

! LaTeX Error: File `beamer.cls' not found.

Type X to quit or <RETURN> to proceed,
or enter new name. (Default extension: cls)

Enter file name: 
./EE18BTECH11050.tex:2: Emergency stop.
<read *> 
         
l.2 \mode
         <presentation>^^M
End of file on the terminal!

 
Here is how much of TeX's memory you used:
 11 strings out of 494924
 219 string characters out of 6180768
 45836 words of memory out of 5000000
 3425 multiletter control sequences out of 15000+600000
 3640 words of font info for 14 fonts, out of 8000000 for 9000
 14 hyphenation exceptions out of 8191
 10i,0n,7p,56b,8s stack positions out of 5000i,500n,10000p,200000b,80000s
No pages of output.
